2025-08-11 01:23:55,556 - INFO - API session established successfully
2025-08-11 01:23:55,877 - INFO - Successfully retrieved limits and holdings data
2025-08-11 01:23:55,878 - INFO - Cash available: ₹991.41
2025-08-11 01:23:55,981 - INFO - LIQUIDBEES-EQ: 199.0 × ₹1000.0 = ₹199000.00
2025-08-11 01:23:55,982 - INFO - Total net worth calculated: ₹199991.41
2025-08-11 01:25:23,307 - INFO - API session established successfully
2025-08-11 01:25:23,586 - INFO - Successfully retrieved limits and holdings data
2025-08-11 01:25:23,587 - INFO - Cash available: ₹991.41
2025-08-11 01:25:23,687 - INFO - LIQUIDBEES-EQ: 199.0 × ₹1000.0 = ₹199000.00
2025-08-11 01:25:23,688 - INFO - Total net worth calculated: ₹199991.41
2025-08-11 01:28:57,791 - INFO - API session established successfully
2025-08-11 01:28:58,167 - INFO - Successfully retrieved limits and holdings data
2025-08-11 01:28:58,169 - INFO - Cash available: ₹991.41
2025-08-11 01:28:58,286 - INFO - LIQUIDBEES-EQ: 199.0 × ₹1000.0 = ₹199000.00
2025-08-11 01:28:58,287 - INFO - Total net worth calculated: ₹199991.41
2025-08-11 01:30:23,369 - INFO - API session established successfully
2025-08-11 01:30:23,626 - INFO - Successfully retrieved limits and holdings data
2025-08-11 01:30:23,626 - INFO - Cash available: ₹991.41
2025-08-11 01:30:23,743 - INFO - LIQUIDBEES-EQ: 199.0 × ₹1000.0 = ₹199000.00
2025-08-11 01:30:23,744 - INFO - Total net worth calculated: ₹199991.41
2025-08-11 01:30:30,055 - INFO - API session established successfully
2025-08-11 01:30:30,228 - INFO - Successfully retrieved limits and holdings data
2025-08-11 01:30:30,229 - INFO - Cash available: ₹991.41
2025-08-11 01:30:30,345 - INFO - LIQUIDBEES-EQ: 199.0 × ₹1000.0 = ₹199000.00
2025-08-11 01:30:30,346 - INFO - Total net worth calculated: ₹199991.41
2025-08-11 01:43:25,595 - INFO - API session established successfully
2025-08-11 01:43:26,002 - INFO - Successfully retrieved limits and holdings data
2025-08-11 01:43:26,003 - INFO - Cash available: ₹991.41
2025-08-11 01:43:26,123 - INFO - LIQUIDBEES-EQ: 199.0 × ₹1000.0 = ₹199000.00
2025-08-11 01:43:26,124 - INFO - Total net worth calculated: ₹199991.41
2025-08-11 16:00:02,599 - INFO - API session established successfully
2025-08-11 16:00:03,081 - INFO - Successfully retrieved limits and holdings data
2025-08-11 16:00:03,082 - INFO - Cash available: ₹991.41
2025-08-11 16:00:03,167 - INFO - LIQUIDBEES-EQ: 199.0 × ₹999.99 = ₹198998.01
2025-08-11 16:00:03,168 - INFO - Total net worth calculated: ₹199989.42
2025-08-12 16:00:03,032 - INFO - API session established successfully
2025-08-12 16:00:03,442 - INFO - Successfully retrieved limits and holdings data
2025-08-12 16:00:03,443 - INFO - Cash available: ₹991.41
2025-08-12 16:00:03,523 - INFO - LIQUIDBEES-EQ: 199.0 × ₹1000.0 = ₹199000.00
2025-08-12 16:00:03,524 - INFO - Total net worth calculated: ₹199991.41
2025-08-13 16:00:03,970 - INFO - API session established successfully
2025-08-13 16:00:04,471 - INFO - Successfully retrieved limits and holdings data
2025-08-13 16:00:04,472 - INFO - Cash available: ₹991.41
2025-08-13 16:00:04,588 - INFO - LIQUIDBEES-EQ: 199.0 × ₹999.99 = ₹198998.01
2025-08-13 16:00:04,589 - INFO - Total net worth calculated: ₹199989.42
2025-08-16 16:00:04,182 - INFO - API session established successfully
2025-08-16 16:00:04,955 - INFO - Successfully retrieved limits and holdings data
2025-08-16 16:00:04,956 - INFO - Cash available: ₹0.00
2025-08-16 16:00:04,957 - INFO - Total net worth calculated: ₹0.00
2025-08-18 01:06:57,901 - INFO - API session established successfully
2025-08-18 01:06:58,091 - INFO - Successfully retrieved limits and holdings data
2025-08-18 01:06:58,091 - INFO - Cash available: ₹991.41
2025-08-18 01:06:58,159 - INFO - LIQUIDBEES-EQ: 199.0 × ₹1000.0 = ₹199000.00
2025-08-18 01:06:58,159 - INFO - Total net worth calculated: ₹199991.41
2025-08-18 01:30:48,324 - INFO - API session established successfully
2025-08-18 01:30:48,552 - INFO - Successfully retrieved limits and holdings data
2025-08-18 01:30:48,553 - INFO - Cash available: ₹991.41
2025-08-18 01:30:48,631 - INFO - LIQUIDBEES-EQ: 199.0 × ₹1000.0 = ₹199000.00
2025-08-18 01:30:48,632 - INFO - Total net worth calculated: ₹199991.41
2025-08-18 01:31:50,462 - INFO - API session established successfully
2025-08-18 01:31:50,838 - INFO - Successfully retrieved limits and holdings data
2025-08-18 01:31:50,839 - INFO - Cash available: ₹991.41
2025-08-18 01:31:50,938 - INFO - LIQUIDBEES-EQ: 199.0 × ₹1000.0 = ₹199000.00
2025-08-18 01:31:50,939 - INFO - Total net worth calculated: ₹199991.41
2025-08-18 01:32:12,453 - INFO - API session established successfully
2025-08-18 01:32:12,658 - INFO - Successfully retrieved limits and holdings data
2025-08-18 01:32:12,659 - INFO - Cash available: ₹991.41
2025-08-18 01:32:12,758 - INFO - LIQUIDBEES-EQ: 199.0 × ₹1000.0 = ₹199000.00
2025-08-18 01:32:12,759 - INFO - Total net worth calculated: ₹199991.41
2025-08-18 11:59:58,387 - INFO - API session established successfully
2025-08-18 11:59:58,625 - INFO - Successfully retrieved limits and holdings data
2025-08-18 11:59:58,626 - INFO - Cash available: ₹991.41
2025-08-18 11:59:58,733 - INFO - LIQUIDBEES-EQ: 199.0 × ₹1000.0 = ₹199000.00
2025-08-18 11:59:58,733 - INFO - Total net worth calculated: ₹199991.41
2025-08-18 12:13:51,677 - INFO - API session established successfully
2025-08-18 12:13:51,910 - INFO - Successfully retrieved limits and holdings data
2025-08-18 12:13:51,911 - INFO - Cash available: ₹991.41
2025-08-18 12:13:52,008 - INFO - LIQUIDBEES-EQ: 199.0 × ₹1000.0 = ₹199000.00
2025-08-18 12:13:52,009 - INFO - Total net worth calculated: ₹199991.41
2025-08-18 13:44:17,577 - INFO - API session established successfully
2025-08-18 13:44:17,810 - INFO - Successfully retrieved limits and holdings data
2025-08-18 13:44:17,811 - INFO - Cash available: ₹991.41
2025-08-18 13:44:17,953 - INFO - LIQUIDBEES-EQ: 199.0 × ₹1000.0 = ₹199000.00
2025-08-18 13:44:17,954 - INFO - Total net worth calculated: ₹199991.41
2025-08-18 13:46:47,533 - INFO - API session established successfully
2025-08-18 13:46:47,749 - INFO - Successfully retrieved limits and holdings data
2025-08-18 13:46:47,749 - INFO - Cash available: ₹991.41
2025-08-18 13:46:47,841 - INFO - LIQUIDBEES-EQ: 199.0 × ₹1000.01 = ₹199001.99
2025-08-18 13:46:47,842 - INFO - Total net worth calculated: ₹199993.40
2025-08-18 16:00:03,555 - INFO - API session established successfully
2025-08-18 16:00:03,814 - INFO - Successfully retrieved limits and holdings data
2025-08-18 16:00:03,815 - INFO - Cash available: ₹991.41
2025-08-18 16:00:03,940 - INFO - LIQUIDBEES-EQ: 199.0 × ₹999.99 = ₹198998.01
2025-08-18 16:00:03,941 - INFO - Total net worth calculated: ₹199989.42
2025-08-19 16:00:03,883 - INFO - API session established successfully
2025-08-19 16:00:04,174 - INFO - Successfully retrieved limits and holdings data
2025-08-19 16:00:04,174 - INFO - Cash available: ₹991.41
2025-08-19 16:00:04,253 - INFO - LIQUIDBEES-EQ: 199.0 × ₹999.99 = ₹198998.01
2025-08-19 16:00:04,254 - INFO - Total net worth calculated: ₹199989.42
2025-08-21 16:00:02,917 - INFO - API session established successfully
2025-08-21 16:00:03,102 - INFO - Successfully retrieved limits and holdings data
2025-08-21 16:00:03,103 - INFO - Cash available: ₹991.41
2025-08-21 16:00:03,193 - INFO - LIQUIDBEES-EQ: 199.0 × ₹1000.0 = ₹199000.00
2025-08-21 16:00:03,194 - INFO - Total net worth calculated: ₹199991.41
2025-08-23 16:00:02,987 - INFO - API session established successfully
2025-08-23 16:00:03,313 - INFO - Successfully retrieved limits and holdings data
2025-08-23 16:00:03,314 - INFO - Cash available: ₹0.00
2025-08-23 16:00:03,314 - INFO - Total net worth calculated: ₹0.00
2025-08-26 16:00:03,048 - INFO - API session established successfully
2025-08-26 16:00:04,664 - INFO - Successfully retrieved limits and holdings data
2025-08-26 16:00:04,665 - INFO - Cash available: ₹991.41
2025-08-26 16:00:05,324 - INFO - LIQUIDBEES-EQ: 199.0 × ₹999.99 = ₹198998.01
2025-08-26 16:00:05,324 - INFO - Total net worth calculated: ₹199989.42
2025-08-28 16:00:03,162 - INFO - API session established successfully
2025-08-28 16:00:03,338 - INFO - Successfully retrieved limits and holdings data
2025-08-28 16:00:03,338 - INFO - Cash available: ₹991.41
2025-08-28 16:00:03,431 - INFO - LIQUIDBEES-EQ: 199.0 × ₹999.99 = ₹198998.01
2025-08-28 16:00:03,432 - INFO - Total net worth calculated: ₹199989.42
2025-08-29 00:43:54,659 - INFO - API session established successfully
2025-08-29 00:43:54,879 - INFO - Successfully retrieved limits and holdings data
2025-08-29 00:43:54,879 - INFO - Cash available: ₹991.41
2025-08-29 00:43:54,967 - INFO - LIQUIDBEES-EQ: 199.0 × ₹999.99 = ₹198998.01
2025-08-29 00:43:54,968 - INFO - Total net worth calculated: ₹199989.42
2025-08-29 00:43:56,665 - INFO - API session established successfully
2025-08-29 00:43:56,860 - INFO - Successfully retrieved limits and holdings data
2025-08-29 00:43:56,861 - INFO - Cash available: ₹991.41
2025-08-29 00:43:56,960 - INFO - LIQUIDBEES-EQ: 199.0 × ₹999.99 = ₹198998.01
2025-08-29 00:43:56,961 - INFO - Total net worth calculated: ₹199989.42
2025-08-29 11:20:09,421 - INFO - API session established successfully
2025-08-29 11:20:09,549 - INFO - Successfully retrieved limits and holdings data
2025-08-29 11:20:09,550 - INFO - Cash available: ₹0.00
2025-08-29 11:20:09,550 - INFO - Total net worth calculated: ₹0.00
2025-08-29 11:20:11,962 - INFO - API session established successfully
2025-08-29 11:20:12,286 - INFO - Successfully retrieved limits and holdings data
2025-08-29 11:20:12,286 - INFO - Cash available: ₹0.00
2025-08-29 11:20:12,286 - INFO - Total net worth calculated: ₹0.00
2025-08-29 11:24:37,108 - INFO - API session established successfully
2025-08-29 11:24:37,219 - INFO - Successfully retrieved limits and holdings data
2025-08-29 11:24:37,219 - INFO - Cash available: ₹0.00
2025-08-29 11:24:37,220 - INFO - Total net worth calculated: ₹0.00
2025-08-29 11:24:39,965 - INFO - API session established successfully
2025-08-29 11:24:41,087 - INFO - Successfully retrieved limits and holdings data
2025-08-29 11:24:41,088 - INFO - Cash available: ₹0.00
2025-08-29 11:24:41,088 - INFO - Total net worth calculated: ₹0.00
2025-08-29 12:03:37,066 - INFO - API session established successfully
2025-08-29 12:03:37,212 - INFO - Successfully retrieved limits and holdings data
2025-08-29 12:03:37,213 - INFO - Cash available: ₹0.00
2025-08-29 12:03:37,213 - INFO - Total net worth calculated: ₹0.00
2025-08-29 12:05:15,612 - INFO - API session established successfully
2025-08-29 12:05:15,716 - INFO - Successfully retrieved limits and holdings data
2025-08-29 12:05:15,717 - INFO - Cash available: ₹0.00
2025-08-29 12:05:15,717 - INFO - Total net worth calculated: ₹0.00
2025-08-29 12:05:36,781 - INFO - API session established successfully
2025-08-29 12:05:36,851 - INFO - Successfully retrieved limits and holdings data
2025-08-29 12:05:36,852 - INFO - Cash available: ₹991.41
2025-08-29 12:05:36,887 - INFO - LIQUIDBEES-EQ: 199.0 × ₹1000.0 = ₹199000.00
2025-08-29 12:05:36,887 - INFO - Total net worth calculated: ₹199991.41
2025-08-29 12:05:42,391 - INFO - API session established successfully
2025-08-29 12:05:42,463 - INFO - Successfully retrieved limits and holdings data
2025-08-29 12:05:42,463 - INFO - Cash available: ₹991.41
2025-08-29 12:05:42,498 - INFO - LIQUIDBEES-EQ: 199.0 × ₹1000.01 = ₹199001.99
2025-08-29 12:05:42,499 - INFO - Total net worth calculated: ₹199993.40
2025-08-29 12:05:44,480 - INFO - API session established successfully
2025-08-29 12:05:44,590 - INFO - Successfully retrieved limits and holdings data
2025-08-29 12:05:44,590 - INFO - Cash available: ₹991.41
2025-08-29 12:05:44,632 - INFO - LIQUIDBEES-EQ: 199.0 × ₹1000.01 = ₹199001.99
2025-08-29 12:05:44,632 - INFO - Total net worth calculated: ₹199993.40
2025-08-29 12:08:44,054 - INFO - API session established successfully
2025-08-29 12:08:44,171 - INFO - Successfully retrieved limits and holdings data
2025-08-29 12:08:44,171 - INFO - Cash available: ₹991.41
2025-08-29 12:08:44,221 - INFO - LIQUIDBEES-EQ: 199.0 × ₹1000.0 = ₹199000.00
2025-08-29 12:08:44,221 - INFO - Total net worth calculated: ₹199991.41
2025-08-29 12:08:45,758 - INFO - API session established successfully
2025-08-29 12:08:45,832 - INFO - Successfully retrieved limits and holdings data
2025-08-29 12:08:45,832 - INFO - Cash available: ₹991.41
2025-08-29 12:08:45,988 - INFO - LIQUIDBEES-EQ: 199.0 × ₹1000.0 = ₹199000.00
2025-08-29 12:08:45,988 - INFO - Total net worth calculated: ₹199991.41
2025-08-29 16:00:03,540 - INFO - API session established successfully
2025-08-29 16:00:04,085 - INFO - Successfully retrieved limits and holdings data
2025-08-29 16:00:04,086 - INFO - Cash available: ₹991.41
2025-08-29 16:00:04,326 - INFO - LIQUIDBEES-EQ: 199.0 × ₹1000.0 = ₹199000.00
2025-08-29 16:00:04,327 - INFO - Total net worth calculated: ₹199991.41
2025-08-30 14:43:38,600 - INFO - API session established successfully
2025-08-30 14:43:38,776 - INFO - Successfully retrieved limits and holdings data
2025-08-30 14:43:38,776 - INFO - Cash available: ₹7371.88
2025-08-30 14:43:38,852 - INFO - NIFTYBEES-EQ: 59.0 × ₹276.06 = ₹16287.54
2025-08-30 14:43:38,946 - INFO - GOLDBEES-EQ: 35.0 × ₹85.21 = ₹2982.35
2025-08-30 14:43:39,057 - INFO - JUNIORBEES-EQ: 6.0 × ₹707.85 = ₹4247.10
2025-08-30 14:43:39,150 - INFO - LIQUIDBEES-EQ: 199.0 × ₹1000.01 = ₹199001.99
2025-08-30 14:43:39,151 - INFO - Total net worth calculated: ₹229890.86
2025-08-30 16:00:03,967 - INFO - API session established successfully
2025-08-30 16:00:04,272 - INFO - Successfully retrieved limits and holdings data
2025-08-30 16:00:04,273 - INFO - Cash available: ₹7371.88
2025-08-30 16:00:04,373 - INFO - NIFTYBEES-EQ: 59.0 × ₹276.06 = ₹16287.54
2025-08-30 16:00:04,491 - INFO - GOLDBEES-EQ: 35.0 × ₹85.21 = ₹2982.35
2025-08-30 16:00:04,605 - INFO - JUNIORBEES-EQ: 6.0 × ₹707.85 = ₹4247.10
2025-08-30 16:00:04,712 - INFO - LIQUIDBEES-EQ: 199.0 × ₹1000.01 = ₹199001.99
2025-08-30 16:00:04,713 - INFO - Total net worth calculated: ₹229890.86
2025-09-01 16:00:03,112 - INFO - API session established successfully
2025-09-01 16:00:03,404 - INFO - Successfully retrieved limits and holdings data
2025-09-01 16:00:03,405 - INFO - Cash available: ₹7371.88
2025-09-01 16:00:03,492 - INFO - GOLDBEES-EQ: 35.0 × ₹86.61 = ₹3031.35
2025-09-01 16:00:03,564 - INFO - LIQUIDBEES-EQ: 199.0 × ₹999.99 = ₹198998.01
2025-09-01 16:00:03,644 - INFO - NIFTYBEES-EQ: 59.0 × ₹278.18 = ₹16412.62
2025-09-01 16:00:03,718 - INFO - JUNIORBEES-EQ: 6.0 × ₹716.46 = ₹4298.76
2025-09-01 16:00:03,719 - INFO - Total net worth calculated: ₹230112.62
2025-09-08 09:17:22,155 - INFO - API session established successfully
2025-09-08 09:17:22,376 - INFO - Successfully retrieved limits and holdings data
2025-09-08 09:17:22,377 - INFO - Cash available: ₹7371.88
2025-09-08 09:17:22,515 - INFO - GOLDBEES-EQ: 35.0 × ₹89.22 = ₹3122.70
2025-09-08 09:17:22,631 - INFO - LIQUIDBEES-EQ: 199.0 × ₹999.99 = ₹198998.01
2025-09-08 09:17:22,749 - INFO - NIFTYBEES-EQ: 59.0 × ₹280.14 = ₹16528.26
2025-09-08 09:17:22,902 - INFO - JUNIORBEES-EQ: 6.0 × ₹722.98 = ₹4337.88
2025-09-08 09:17:22,903 - INFO - Total net worth calculated: ₹230358.73
2025-09-08 16:00:03,612 - INFO - API session established successfully
2025-09-08 16:00:03,945 - INFO - Successfully retrieved limits and holdings data
2025-09-08 16:00:03,946 - INFO - Cash available: ₹7371.88
2025-09-08 16:00:04,010 - INFO - GOLDBEES-EQ: 35.0 × ₹89.98 = ₹3149.30
2025-09-08 16:00:04,080 - INFO - LIQUIDBEES-EQ: 199.0 × ₹999.99 = ₹198998.01
2025-09-08 16:00:04,150 - INFO - NIFTYBEES-EQ: 59.0 × ₹279.99 = ₹16519.41
2025-09-08 16:00:04,218 - INFO - JUNIORBEES-EQ: 6.0 × ₹724.02 = ₹4344.12
2025-09-08 16:00:04,219 - INFO - Total net worth calculated: ₹230382.72
2025-09-10 16:00:03,289 - INFO - API session established successfully
2025-09-10 16:00:03,481 - INFO - Successfully retrieved limits and holdings data
2025-09-10 16:00:03,482 - INFO - Cash available: ₹7371.88
2025-09-10 16:00:03,543 - INFO - JUNIORBEES-EQ: 6.0 × ₹728.66 = ₹4371.96
2025-09-10 16:00:03,639 - INFO - NIFTYBEES-EQ: 59.0 × ₹281.84 = ₹16628.56
2025-09-10 16:00:03,721 - INFO - LIQUIDBEES-EQ: 200.0 × ₹999.99 = ₹199998.00
2025-09-10 16:00:04,054 - INFO - GOLDBEES-EQ: 35.0 × ₹90.9 = ₹3181.50
2025-09-10 16:00:04,055 - INFO - Total net worth calculated: ₹231551.90
2025-09-11 16:00:02,693 - INFO - API session established successfully
2025-09-11 16:00:02,946 - INFO - Successfully retrieved limits and holdings data
2025-09-11 16:00:02,947 - INFO - Cash available: ₹0.00
2025-09-11 16:00:02,947 - INFO - Total net worth calculated: ₹0.00
2025-09-12 16:00:03,349 - INFO - API session established successfully
2025-09-12 16:00:03,686 - INFO - Successfully retrieved limits and holdings data
2025-09-12 16:00:03,687 - INFO - Cash available: ₹0.00
2025-09-12 16:00:03,687 - INFO - Total net worth calculated: ₹0.00
2025-09-15 16:00:03,422 - INFO - API session established successfully
2025-09-15 16:00:03,541 - INFO - Successfully retrieved limits and holdings data
2025-09-15 16:00:03,541 - INFO - Cash available: ₹0.00
2025-09-15 16:00:03,542 - INFO - Total net worth calculated: ₹0.00
2025-09-17 16:00:06,259 - INFO - API session established successfully
2025-09-17 16:00:06,601 - INFO - Successfully retrieved limits and holdings data
2025-09-17 16:00:06,601 - INFO - Cash available: ₹0.00
2025-09-17 16:00:06,601 - INFO - Total net worth calculated: ₹0.00
2025-09-18 16:00:03,271 - INFO - API session established successfully
2025-09-18 16:00:03,499 - INFO - Successfully retrieved limits and holdings data
2025-09-18 16:00:03,500 - INFO - Cash available: ₹0.00
2025-09-18 16:00:03,500 - INFO - Total net worth calculated: ₹0.00
2025-09-27 16:00:02,668 - INFO - API session established successfully
2025-09-27 16:00:03,015 - INFO - Successfully retrieved limits and holdings data
2025-09-27 16:00:03,016 - INFO - Cash available: ₹7371.88
2025-09-27 16:00:03,130 - INFO - GOLDBEES-EQ: 35.0 × ₹94.27 = ₹3299.45
2025-09-27 16:00:03,234 - INFO - LIQUIDBEES-EQ: 200.0 × ₹1000.0 = ₹200000.00
2025-09-27 16:00:03,403 - INFO - NIFTYBEES-EQ: 59.0 × ₹283.48 = ₹16725.32
2025-09-27 16:00:03,510 - INFO - JUNIORBEES-EQ: 6.0 × ₹726.9 = ₹4361.40
2025-09-27 16:00:03,510 - INFO - Total net worth calculated: ₹231758.05
